*** Starting uWSGI 2.0.12 (64bit) on [Sat Apr 23 22:23:23 2016] ***
compiled with version: 4.8.4 on 23 April 2016 22:14:27
os: Linux-3.19.0-25-generic #26~14.04.1-Ubuntu SMP Fri Jul 24 21:16:20 UTC 2015
nodename: peng-R429
machine: x86_64
clock source: unix
detected number of CPU cores: 4
current working directory: /home/unisko/flask
detected binary path: /home/unisko/flask/venv/bin/uwsgi
!!! no internal routing support, rebuild with pcre support !!!
chdir() to /home/unisko/flask/demos/flaskr/
your processes number limit is 15143
your memory page size is 4096 bytes
detected max file descriptor number: 1024
lock engine: pthread robust mutexes
thunder lock: disabled (you can enable it with --thunder-lock)
uwsgi socket 0 bound to UNIX address /home/unisko/flask/demos/flaskr//mysite.sock fd 3
Python version: 2.7.6 (default, Jun 22 2015, 18:01:27)  [GCC 4.8.2]
Set PythonHome to /home/unisko/flask/.env
ImportError: No module named site
*** Starting uWSGI 2.0.12 (64bit) on [Sat Apr 23 22:24:47 2016] ***
compiled with version: 4.8.4 on 23 April 2016 22:14:27
os: Linux-3.19.0-25-generic #26~14.04.1-Ubuntu SMP Fri Jul 24 21:16:20 UTC 2015
nodename: peng-R429
machine: x86_64
clock source: unix
detected number of CPU cores: 4
current working directory: /home/unisko/flask
detected binary path: /home/unisko/flask/venv/bin/uwsgi
!!! no internal routing support, rebuild with pcre support !!!
chdir() to /home/unisko/flask/demos/flaskr/
your processes number limit is 15143
your memory page size is 4096 bytes
detected max file descriptor number: 1024
lock engine: pthread robust mutexes
thunder lock: disabled (you can enable it with --thunder-lock)
uwsgi socket 0 bound to UNIX address /home/unisko/flask/demos/flaskr//mysite.sock fd 3
Python version: 2.7.6 (default, Jun 22 2015, 18:01:27)  [GCC 4.8.2]
Set PythonHome to /home/unisko/flask/venv
*** Python threads support is disabled. You can enable it with --enable-threads ***
Python main interpreter initialized at 0x24d0260
your server socket listen backlog is limited to 100 connections
your mercy for graceful operations on workers is 60 seconds
mapped 218304 bytes (213 KB) for 2 cores
*** Operational MODE: preforking ***
WSGI app 0 (mountpoint='') ready in 0 seconds on interpreter 0x24d0260 pid: 11457 (default app)
*** uWSGI is running in multiple interpreter mode ***
spawned uWSGI master process (pid: 11457)
spawned uWSGI worker 1 (pid: 11460, cores: 1)
spawned uWSGI worker 2 (pid: 11461, cores: 1)
...brutally killing workers...
worker 1 buried after 1 seconds
worker 2 buried after 1 seconds
binary reloading uWSGI...
chdir() to /home/unisko/flask
closing all non-uwsgi socket fds > 2 (max_fd = 1024)...
found fd 3 mapped to socket 0 (/home/unisko/flask/demos/flaskr//mysite.sock)
running /home/unisko/flask/venv/bin/uwsgi
[uWSGI] getting INI configuration from uwsgi.ini
*** Starting uWSGI 2.0.12 (64bit) on [Sat Apr 23 22:25:36 2016] ***
compiled with version: 4.8.4 on 23 April 2016 22:14:27
os: Linux-3.19.0-25-generic #26~14.04.1-Ubuntu SMP Fri Jul 24 21:16:20 UTC 2015
nodename: peng-R429
machine: x86_64
clock source: unix
detected number of CPU cores: 4
current working directory: /home/unisko/flask
detected binary path: /home/unisko/flask/venv/bin/uwsgi
!!! no internal routing support, rebuild with pcre support !!!
chdir() to /home/unisko/flask/demos/flaskr/
your processes number limit is 15143
your memory page size is 4096 bytes
detected max file descriptor number: 1024
lock engine: pthread robust mutexes
thunder lock: disabled (you can enable it with --thunder-lock)
uwsgi socket 0 inherited UNIX address /home/unisko/flask/demos/flaskr//mysite.sock fd 3
Python version: 2.7.6 (default, Jun 22 2015, 18:01:27)  [GCC 4.8.2]
Set PythonHome to /home/unisko/flask/venv
*** Python threads support is disabled. You can enable it with --enable-threads ***
Python main interpreter initialized at 0x2379f40
your server socket listen backlog is limited to 100 connections
your mercy for graceful operations on workers is 60 seconds
mapped 218304 bytes (213 KB) for 2 cores
*** Operational MODE: preforking ***
WSGI app 0 (mountpoint='') ready in 1 seconds on interpreter 0x2379f40 pid: 11457 (default app)
*** uWSGI is running in multiple interpreter mode ***
gracefully (RE)spawned uWSGI master process (pid: 11457)
spawned uWSGI worker 1 (pid: 11473, cores: 1)
spawned uWSGI worker 2 (pid: 11474, cores: 1)
...brutally killing workers...
worker 1 buried after 1 seconds
worker 2 buried after 1 seconds
binary reloading uWSGI...
chdir() to /home/unisko/flask
closing all non-uwsgi socket fds > 2 (max_fd = 1024)...
found fd 3 mapped to socket 0 (/home/unisko/flask/demos/flaskr//mysite.sock)
running /home/unisko/flask/venv/bin/uwsgi
[uWSGI] getting INI configuration from uwsgi.ini
*** Starting uWSGI 2.0.12 (64bit) on [Sat Apr 23 22:25:50 2016] ***
compiled with version: 4.8.4 on 23 April 2016 22:14:27
os: Linux-3.19.0-25-generic #26~14.04.1-Ubuntu SMP Fri Jul 24 21:16:20 UTC 2015
nodename: peng-R429
machine: x86_64
clock source: unix
detected number of CPU cores: 4
current working directory: /home/unisko/flask
detected binary path: /home/unisko/flask/venv/bin/uwsgi
!!! no internal routing support, rebuild with pcre support !!!
chdir() to /home/unisko/flask/demos/flaskr/
your processes number limit is 15143
your memory page size is 4096 bytes
detected max file descriptor number: 1024
lock engine: pthread robust mutexes
thunder lock: disabled (you can enable it with --thunder-lock)
uwsgi socket 0 inherited UNIX address /home/unisko/flask/demos/flaskr//mysite.sock fd 3
Python version: 2.7.6 (default, Jun 22 2015, 18:01:27)  [GCC 4.8.2]
Set PythonHome to /home/unisko/flask/venv
*** Python threads support is disabled. You can enable it with --enable-threads ***
Python main interpreter initialized at 0x1a67f40
your server socket listen backlog is limited to 100 connections
your mercy for graceful operations on workers is 60 seconds
mapped 218304 bytes (213 KB) for 2 cores
*** Operational MODE: preforking ***
WSGI app 0 (mountpoint='') ready in 0 seconds on interpreter 0x1a67f40 pid: 11457 (default app)
*** uWSGI is running in multiple interpreter mode ***
gracefully (RE)spawned uWSGI master process (pid: 11457)
spawned uWSGI worker 1 (pid: 11480, cores: 1)
spawned uWSGI worker 2 (pid: 11481, cores: 1)
*** Starting uWSGI 2.0.12 (64bit) on [Sat Apr 23 22:50:54 2016] ***
compiled with version: 4.8.4 on 23 April 2016 22:14:27
os: Linux-3.19.0-25-generic #26~14.04.1-Ubuntu SMP Fri Jul 24 21:16:20 UTC 2015
nodename: peng-R429
machine: x86_64
clock source: unix
detected number of CPU cores: 4
current working directory: /home/unisko/flask
detected binary path: /home/unisko/flask/venv/bin/uwsgi
!!! no internal routing support, rebuild with pcre support !!!
chdir() to /home/unisko/flask/demos/flaskr/
your processes number limit is 15143
your memory page size is 4096 bytes
detected max file descriptor number: 1024
lock engine: pthread robust mutexes
thunder lock: disabled (you can enable it with --thunder-lock)
uwsgi socket 0 bound to UNIX address /home/unisko/flask/demos/flaskr//mysite.sock fd 3
Python version: 2.7.6 (default, Jun 22 2015, 18:01:27)  [GCC 4.8.2]
Set PythonHome to /home/unisko/flask/venv
*** Python threads support is disabled. You can enable it with --enable-threads ***
Python main interpreter initialized at 0x10be260
your server socket listen backlog is limited to 100 connections
your mercy for graceful operations on workers is 60 seconds
mapped 218304 bytes (213 KB) for 2 cores
*** Operational MODE: preforking ***
WSGI app 0 (mountpoint='') ready in 0 seconds on interpreter 0x10be260 pid: 11859 (default app)
*** uWSGI is running in multiple interpreter mode ***
spawned uWSGI master process (pid: 11859)
spawned uWSGI worker 1 (pid: 11862, cores: 1)
spawned uWSGI worker 2 (pid: 11863, cores: 1)
*** Starting uWSGI 2.0.12 (64bit) on [Sat Apr 23 22:57:00 2016] ***
compiled with version: 4.8.4 on 23 April 2016 22:14:27
os: Linux-3.19.0-25-generic #26~14.04.1-Ubuntu SMP Fri Jul 24 21:16:20 UTC 2015
nodename: peng-R429
machine: x86_64
clock source: unix
detected number of CPU cores: 4
current working directory: /home/unisko/flask
detected binary path: /home/unisko/flask/venv/bin/uwsgi
!!! no internal routing support, rebuild with pcre support !!!
chdir() to /home/unisko/flask/demos/flaskr/
your processes number limit is 15143
your memory page size is 4096 bytes
detected max file descriptor number: 1024
lock engine: pthread robust mutexes
thunder lock: disabled (you can enable it with --thunder-lock)
uwsgi socket 0 bound to UNIX address /home/unisko/flask/demos/flaskr//mysite.sock fd 3
Python version: 2.7.6 (default, Jun 22 2015, 18:01:27)  [GCC 4.8.2]
Set PythonHome to /home/unisko/flask/venv
*** Python threads support is disabled. You can enable it with --enable-threads ***
Python main interpreter initialized at 0x14f4260
your server socket listen backlog is limited to 100 connections
your mercy for graceful operations on workers is 60 seconds
mapped 218304 bytes (213 KB) for 2 cores
*** Operational MODE: preforking ***
WSGI app 0 (mountpoint='') ready in 0 seconds on interpreter 0x14f4260 pid: 12503 (default app)
*** uWSGI is running in multiple interpreter mode ***
spawned uWSGI master process (pid: 12503)
spawned uWSGI worker 1 (pid: 12506, cores: 1)
spawned uWSGI worker 2 (pid: 12507, cores: 1)
